<?xml version="1.0" encoding="UTF-8"?>
<testng-results ignored="0" total="1" passed="1" failed="0" skipped="0">
  <reporter-output>
  </reporter-output>
  <suite started-at="2023-04-17T22:56:31 IST" name="Default suite" finished-at="2023-04-17T22:56:31 IST" duration-ms="137">
    <groups>
    </groups>
    <test started-at="2023-04-17T22:56:31 IST" name="Default test" finished-at="2023-04-17T22:56:31 IST" duration-ms="137">
      <class name="Practice.Practice">
        <test-method signature="sample()[pri:0, instance:Practice.Practice@4313f5bc]" started-at="2023-04-17T22:56:31 IST" name="sample" finished-at="2023-04-17T22:56:31 IST" duration-ms="45" status="PASS">
          <reporter-output>
          </reporter-output>
        </test-method> <!-- sample -->
      </class> <!-- Practice.Practice -->
    </test> <!-- Default test -->
  </suite> <!-- Default suite -->
</testng-results>
